<?xml version="1.0" encoding="UTF-8"?>
<!-- Generated by org.testng.reporters.JUnitReportReporter -->
<testsuite hostname="Al-Fareeds-MacBook-Pro.local" failures="0" tests="1" name="tests.FirstTest" time="1.341" errors="0" timestamp="2023-08-29T17:25:11 IST" skipped="0">
  <testcase classname="tests.FirstTest" name="secondTest" time="1.341"/>
</testsuite> <!-- tests.FirstTest -->
